<?xml version="1.0" encoding="UTF-8"?>
<!-- Generated by org.testng.reporters.JUnitReportReporter -->
<testsuite hostname="DESKTOP-D9AU2S1" failures="0" tests="1" name="maven.simpledemotest" time="0.021" errors="0" timestamp="01 Mar 2024 12:32:18 GMT" skipped="0">
  <testcase classname="maven.simpledemotest" name="TestScript02" time="0.021"/>
</testsuite> <!-- maven.simpledemotest -->
